{"/Users/jasonzhang/Documents/Job_Application/interview_coding/siriusXM/weathear_API/db/MongoUtils.js": {"path":"/Users/jasonzhang/Documents/Job_Application/interview_coding/siriusXM/weathear_API/db/MongoUtils.js","statementMap":{"0":{"start":{"line":1,"column":24},"end":{"line":1,"column":42}},"1":{"start":{"line":3,"column":19},"end":{"line":55,"column":1}},"2":{"start":{"line":4,"column":13},"end":{"line":4,"column":15}},"3":{"start":{"line":5,"column":14},"end":{"line":5,"column":41}},"4":{"start":{"line":6,"column":17},"end":{"line":6,"column":30}},"5":{"start":{"line":7,"column":18},"end":{"line":7,"column":35}},"6":{"start":{"line":13,"column":2},"end":{"line":20,"column":4}},"7":{"start":{"line":14,"column":4},"end":{"line":18,"column":5}},"8":{"start":{"line":15,"column":6},"end":{"line":15,"column":36}},"9":{"start":{"line":16,"column":6},"end":{"line":16,"column":29}},"10":{"start":{"line":17,"column":6},"end":{"line":17,"column":29}},"11":{"start":{"line":19,"column":4},"end":{"line":19,"column":14}},"12":{"start":{"line":23,"column":2},"end":{"line":32,"column":4}},"13":{"start":{"line":24,"column":4},"end":{"line":31,"column":5}},"14":{"start":{"line":25,"column":23},"end":{"line":25,"column":41}},"15":{"start":{"line":26,"column":25},"end":{"line":26,"column":53}},"16":{"start":{"line":27,"column":6},"end":{"line":27,"column":47}},"17":{"start":{"line":29,"column":6},"end":{"line":29,"column":54}},"18":{"start":{"line":30,"column":6},"end":{"line":30,"column":18}},"19":{"start":{"line":35,"column":2},"end":{"line":44,"column":4}},"20":{"start":{"line":36,"column":4},"end":{"line":43,"column":5}},"21":{"start":{"line":37,"column":17},"end":{"line":37,"column":35}},"22":{"start":{"line":38,"column":25},"end":{"line":38,"column":47}},"23":{"start":{"line":39,"column":6},"end":{"line":39,"column":76}},"24":{"start":{"line":41,"column":6},"end":{"line":41,"column":56}},"25":{"start":{"line":42,"column":6},"end":{"line":42,"column":18}},"26":{"start":{"line":47,"column":2},"end":{"line":52,"column":4}},"27":{"start":{"line":48,"column":15},"end":{"line":48,"column":33}},"28":{"start":{"line":49,"column":23},"end":{"line":49,"column":45}},"29":{"start":{"line":51,"column":4},"end":{"line":51,"column":60}},"30":{"start":{"line":54,"column":2},"end":{"line":54,"column":12}},"31":{"start":{"line":57,"column":0},"end":{"line":57,"column":30}}},"fnMap":{"0":{"name":"(anonymous_0)","decl":{"start":{"line":3,"column":19},"end":{"line":3,"column":20}},"loc":{"start":{"line":3,"column":25},"end":{"line":55,"column":1}},"line":3},"1":{"name":"(anonymous_1)","decl":{"start":{"line":13,"column":15},"end":{"line":13,"column":16}},"loc":{"start":{"line":13,"column":27},"end":{"line":20,"column":3}},"line":13},"2":{"name":"(anonymous_2)","decl":{"start":{"line":23,"column":21},"end":{"line":23,"column":22}},"loc":{"start":{"line":23,"column":33},"end":{"line":32,"column":3}},"line":23},"3":{"name":"(anonymous_3)","decl":{"start":{"line":35,"column":23},"end":{"line":35,"column":24}},"loc":{"start":{"line":35,"column":35},"end":{"line":44,"column":3}},"line":35},"4":{"name":"(anonymous_4)","decl":{"start":{"line":47,"column":21},"end":{"line":47,"column":22}},"loc":{"start":{"line":47,"column":37},"end":{"line":52,"column":3}},"line":47}},"branchMap":{"0":{"loc":{"start":{"line":14,"column":4},"end":{"line":18,"column":5}},"type":"if","locations":[{"start":{"line":14,"column":4},"end":{"line":18,"column":5}},{"start":{},"end":{}}],"line":14}},"s":{"0":2,"1":2,"2":2,"3":2,"4":2,"5":2,"6":2,"7":2,"8":1,"9":1,"10":1,"11":2,"12":2,"13":1,"14":1,"15":1,"16":1,"17":0,"18":0,"19":2,"20":1,"21":1,"22":1,"23":1,"24":0,"25":0,"26":2,"27":0,"28":0,"29":0,"30":2,"31":2},"f":{"0":2,"1":2,"2":1,"3":1,"4":0},"b":{"0":[1,1]},"_coverageSchema":"1a1c01bbd47fc00a2c39e90264f33305004495a9","hash":"0bbeffc8b28acc5dd7b4d240b94ebbfad917b068"}
,"/Users/jasonzhang/Documents/Job_Application/interview_coding/siriusXM/weathear_API/public/javascripts/fetch_weather_data.js": {"path":"/Users/jasonzhang/Documents/Job_Application/interview_coding/siriusXM/weathear_API/public/javascripts/fetch_weather_data.js","statementMap":{"0":{"start":{"line":1,"column":0},"end":{"line":1,"column":27}},"1":{"start":{"line":2,"column":14},"end":{"line":2,"column":30}},"2":{"start":{"line":3,"column":27},"end":{"line":3,"column":57}},"3":{"start":{"line":4,"column":17},"end":{"line":4,"column":45}},"4":{"start":{"line":6,"column":23},"end":{"line":25,"column":1}},"5":{"start":{"line":8,"column":2},"end":{"line":8,"column":42}},"6":{"start":{"line":9,"column":2},"end":{"line":24,"column":3}},"7":{"start":{"line":10,"column":21},"end":{"line":17,"column":6}},"8":{"start":{"line":18,"column":4},"end":{"line":18,"column":25}},"9":{"start":{"line":20,"column":4},"end":{"line":20,"column":57}},"10":{"start":{"line":21,"column":4},"end":{"line":21,"column":16}},"11":{"start":{"line":23,"column":4},"end":{"line":23,"column":47}},"12":{"start":{"line":27,"column":0},"end":{"line":27,"column":32}}},"fnMap":{"0":{"name":"(anonymous_0)","decl":{"start":{"line":6,"column":23},"end":{"line":6,"column":24}},"loc":{"start":{"line":6,"column":76},"end":{"line":25,"column":1}},"line":6}},"branchMap":{"0":{"loc":{"start":{"line":6,"column":30},"end":{"line":6,"column":48}},"type":"default-arg","locations":[{"start":{"line":6,"column":41},"end":{"line":6,"column":48}}],"line":6},"1":{"loc":{"start":{"line":6,"column":50},"end":{"line":6,"column":71}},"type":"default-arg","locations":[{"start":{"line":6,"column":62},"end":{"line":6,"column":71}}],"line":6}},"s":{"0":2,"1":2,"2":2,"3":2,"4":2,"5":6,"6":6,"7":6,"8":4,"9":2,"10":2,"11":6,"12":2},"f":{"0":6},"b":{"0":[1],"1":[1]},"_coverageSchema":"1a1c01bbd47fc00a2c39e90264f33305004495a9","hash":"9226936d64a0cb2b40ee0653c2a349c534feb34e"}
,"/Users/jasonzhang/Documents/Job_Application/interview_coding/siriusXM/weathear_API/public/javascripts/slack_bot.js": {"path":"/Users/jasonzhang/Documents/Job_Application/interview_coding/siriusXM/weathear_API/public/javascripts/slack_bot.js","statementMap":{"0":{"start":{"line":1,"column":0},"end":{"line":1,"column":27}},"1":{"start":{"line":2,"column":14},"end":{"line":2,"column":30}},"2":{"start":{"line":3,"column":20},"end":{"line":3,"column":43}},"3":{"start":{"line":7,"column":22},"end":{"line":7,"column":57}},"4":{"start":{"line":8,"column":2},"end":{"line":8,"column":73}},"5":{"start":{"line":9,"column":18},"end":{"line":9,"column":75}},"6":{"start":{"line":11,"column":14},"end":{"line":11,"column":54}},"7":{"start":{"line":12,"column":2},"end":{"line":26,"column":3}},"8":{"start":{"line":13,"column":16},"end":{"line":22,"column":5}},"9":{"start":{"line":23,"column":4},"end":{"line":23,"column":54}},"10":{"start":{"line":25,"column":4},"end":{"line":25,"column":58}},"11":{"start":{"line":29,"column":0},"end":{"line":29,"column":29}}},"fnMap":{"0":{"name":"pushToSlack","decl":{"start":{"line":5,"column":15},"end":{"line":5,"column":26}},"loc":{"start":{"line":5,"column":46},"end":{"line":27,"column":1}},"line":5}},"branchMap":{},"s":{"0":3,"1":3,"2":3,"3":4,"4":4,"5":4,"6":4,"7":4,"8":4,"9":3,"10":1,"11":3},"f":{"0":4},"b":{},"_coverageSchema":"1a1c01bbd47fc00a2c39e90264f33305004495a9","hash":"28f996dab057feb15c1856b53de19bc8c3ec765b"}
,"/Users/jasonzhang/Documents/Job_Application/interview_coding/siriusXM/weathear_API/routes/index.js": {"path":"/Users/jasonzhang/Documents/Job_Application/interview_coding/siriusXM/weathear_API/routes/index.js","statementMap":{"0":{"start":{"line":1,"column":0},"end":{"line":1,"column":27}},"1":{"start":{"line":2,"column":16},"end":{"line":2,"column":34}},"2":{"start":{"line":3,"column":14},"end":{"line":3,"column":30}},"3":{"start":{"line":4,"column":15},"end":{"line":4,"column":31}},"4":{"start":{"line":5,"column":23},"end":{"line":5,"column":77}},"5":{"start":{"line":6,"column":11},"end":{"line":6,"column":41}},"6":{"start":{"line":7,"column":20},"end":{"line":7,"column":65}},"7":{"start":{"line":8,"column":30},"end":{"line":8,"column":63}},"8":{"start":{"line":11,"column":0},"end":{"line":26,"column":3}},"9":{"start":{"line":12,"column":2},"end":{"line":25,"column":3}},"10":{"start":{"line":13,"column":27},"end":{"line":13,"column":51}},"11":{"start":{"line":14,"column":20},"end":{"line":14,"column":46}},"12":{"start":{"line":16,"column":4},"end":{"line":21,"column":7}},"13":{"start":{"line":23,"column":4},"end":{"line":23,"column":25}},"14":{"start":{"line":24,"column":4},"end":{"line":24,"column":16}},"15":{"start":{"line":29,"column":0},"end":{"line":68,"column":3}},"16":{"start":{"line":31,"column":2},"end":{"line":31,"column":42}},"17":{"start":{"line":32,"column":40},"end":{"line":32,"column":48}},"18":{"start":{"line":33,"column":2},"end":{"line":67,"column":3}},"19":{"start":{"line":35,"column":4},"end":{"line":37,"column":5}},"20":{"start":{"line":36,"column":6},"end":{"line":36,"column":55}},"21":{"start":{"line":40,"column":24},"end":{"line":40,"column":65}},"22":{"start":{"line":42,"column":4},"end":{"line":44,"column":5}},"23":{"start":{"line":43,"column":6},"end":{"line":43,"column":43}},"24":{"start":{"line":46,"column":4},"end":{"line":46,"column":33}},"25":{"start":{"line":47,"column":20},"end":{"line":47,"column":46}},"26":{"start":{"line":48,"column":27},"end":{"line":48,"column":51}},"27":{"start":{"line":50,"column":4},"end":{"line":56,"column":7}},"28":{"start":{"line":58,"column":20},"end":{"line":58,"column":46}},"29":{"start":{"line":59,"column":27},"end":{"line":59,"column":51}},"30":{"start":{"line":61,"column":4},"end":{"line":66,"column":7}},"31":{"start":{"line":71,"column":0},"end":{"line":80,"column":3}},"32":{"start":{"line":72,"column":14},"end":{"line":72,"column":127}},"33":{"start":{"line":73,"column":2},"end":{"line":79,"column":3}},"34":{"start":{"line":74,"column":21},"end":{"line":74,"column":41}},"35":{"start":{"line":75,"column":4},"end":{"line":75,"column":28}},"36":{"start":{"line":77,"column":4},"end":{"line":77,"column":65}},"37":{"start":{"line":78,"column":4},"end":{"line":78,"column":48}},"38":{"start":{"line":84,"column":23},"end":{"line":84,"column":44}},"39":{"start":{"line":86,"column":2},"end":{"line":86,"column":33}},"40":{"start":{"line":89,"column":0},"end":{"line":89,"column":24}}},"fnMap":{"0":{"name":"(anonymous_0)","decl":{"start":{"line":11,"column":16},"end":{"line":11,"column":17}},"loc":{"start":{"line":11,"column":48},"end":{"line":26,"column":1}},"line":11},"1":{"name":"(anonymous_1)","decl":{"start":{"line":29,"column":17},"end":{"line":29,"column":18}},"loc":{"start":{"line":29,"column":37},"end":{"line":68,"column":1}},"line":29},"2":{"name":"(anonymous_2)","decl":{"start":{"line":71,"column":31},"end":{"line":71,"column":32}},"loc":{"start":{"line":71,"column":51},"end":{"line":80,"column":1}},"line":71},"3":{"name":"isValidCityName","decl":{"start":{"line":83,"column":9},"end":{"line":83,"column":24}},"loc":{"start":{"line":83,"column":31},"end":{"line":87,"column":1}},"line":83}},"branchMap":{"0":{"loc":{"start":{"line":35,"column":4},"end":{"line":37,"column":5}},"type":"if","locations":[{"start":{"line":35,"column":4},"end":{"line":37,"column":5}},{"start":{},"end":{}}],"line":35},"1":{"loc":{"start":{"line":42,"column":4},"end":{"line":44,"column":5}},"type":"if","locations":[{"start":{"line":42,"column":4},"end":{"line":44,"column":5}},{"start":{},"end":{}}],"line":42}},"s":{"0":2,"1":2,"2":2,"3":2,"4":2,"5":2,"6":2,"7":2,"8":2,"9":1,"10":1,"11":1,"12":1,"13":0,"14":0,"15":2,"16":0,"17":0,"18":0,"19":0,"20":0,"21":0,"22":0,"23":0,"24":0,"25":0,"26":0,"27":0,"28":0,"29":0,"30":0,"31":2,"32":0,"33":0,"34":0,"35":0,"36":0,"37":0,"38":0,"39":0,"40":2},"f":{"0":1,"1":0,"2":0,"3":0},"b":{"0":[0,0],"1":[0,0]},"_coverageSchema":"1a1c01bbd47fc00a2c39e90264f33305004495a9","hash":"d4f85ff13654ba6e41e78d42874c3e5b0b6df26a"}
}
